Threads: [22]
Threads: [22, 23, 24]
Threads: [22, 23, 24]
Threads: [22, 23, 24, 26]
Threads: [22, 23, 24, 26, 27]
Threads: [22, 23, 24, 26, 27, 28]
Threads: [22, 23, 24, 26, 27, 28, 29]
Thread: RMI TCP Connection(7)-152.23.153.159 using threadId: 27
p00:GET_VALUE-ATTEMPTED- TIME - 1714159929435

Start Orders.
-----------------------------------------------------------------------
Entry Queue Enter Order: [p00]
Entry Queue Exit Order: []
Condition Queue Enter Order: []
Condition Queue Exit Order: []
Urgent Queue Enter Order: []
Urgent Queue Exit Order: []
-----------------------------------------------------------------------
End Orders.
p00:INCREMENT-ENTERED- TIME - 1714159929444

Start Orders.
-----------------------------------------------------------------------
Entry Queue Enter Order: [p00]
Entry Queue Exit Order: [p00]
Condition Queue Enter Order: []
Condition Queue Exit Order: []
Urgent Queue Enter Order: []
Urgent Queue Exit Order: []
-----------------------------------------------------------------------
End Orders.
Thread: RMI TCP Connection(3)-152.23.153.159 using threadId: 23
c00:GET_VALUE-ATTEMPTED- TIME - 1714159931415

Start Orders.
-----------------------------------------------------------------------
Entry Queue Enter Order: [p00, c00]
Entry Queue Exit Order: [p00]
Condition Queue Enter Order: []
Condition Queue Exit Order: []
Urgent Queue Enter Order: []
Urgent Queue Exit Order: []
-----------------------------------------------------------------------
End Orders.
Thread: RMI TCP Connection(2)-152.23.153.159 using threadId: 22
c01:GET_VALUE-ATTEMPTED- TIME - 1714159933110

Start Orders.
-----------------------------------------------------------------------
Entry Queue Enter Order: [p00, c00, c01]
Entry Queue Exit Order: [p00]
Condition Queue Enter Order: []
Condition Queue Exit Order: []
Urgent Queue Enter Order: []
Urgent Queue Exit Order: []
-----------------------------------------------------------------------
End Orders.
Thread: RMI TCP Connection(6)-152.23.153.159 using threadId: 26
p01:GET_VALUE-ATTEMPTED- TIME - 1714159934801

Start Orders.
-----------------------------------------------------------------------
Entry Queue Enter Order: [p00, c00, c01, p01]
Entry Queue Exit Order: [p00]
Condition Queue Enter Order: []
Condition Queue Exit Order: []
Urgent Queue Enter Order: []
Urgent Queue Exit Order: []
-----------------------------------------------------------------------
End Orders.
increment-->1
p00:GET_VALUE-LEFT- TIME - 1714159976873

Start Orders.
-----------------------------------------------------------------------
Entry Queue Enter Order: [p00, c00, c01, p01]
Entry Queue Exit Order: [p00]
Condition Queue Enter Order: []
Condition Queue Exit Order: []
Urgent Queue Enter Order: []
Urgent Queue Exit Order: []
-----------------------------------------------------------------------
End Orders.
p01:INCREMENT-ENTERED- TIME - 1714159976874

Start Orders.
-----------------------------------------------------------------------
Entry Queue Enter Order: [p00, c00, c01, p01]
Entry Queue Exit Order: [p00, p01]
Condition Queue Enter Order: []
Condition Queue Exit Order: []
Urgent Queue Enter Order: []
Urgent Queue Exit Order: []
-----------------------------------------------------------------------
End Orders.
Threads: [22, 23, 24, 26, 27, 28, 29]
p01:WAIT-ENTERED- TIME - 1714159976876

Start Orders.
-----------------------------------------------------------------------
Entry Queue Enter Order: [p00, c00, c01, p01]
Entry Queue Exit Order: [p00, p01]
Condition Queue Enter Order: [p01]
Condition Queue Exit Order: []
Urgent Queue Enter Order: []
Urgent Queue Exit Order: []
-----------------------------------------------------------------------
End Orders.
c01:INCREMENT-ENTERED- TIME - 1714159976877

Start Orders.
-----------------------------------------------------------------------
Entry Queue Enter Order: [p00, c00, c01, p01]
Entry Queue Exit Order: [p00, p01, c01]
Condition Queue Enter Order: [p01]
Condition Queue Exit Order: []
Urgent Queue Enter Order: []
Urgent Queue Exit Order: []
-----------------------------------------------------------------------
End Orders.
getValue<--1
c01:GET_VALUE-LEFT- TIME - 1714160004425

Start Orders.
-----------------------------------------------------------------------
Entry Queue Enter Order: [p00, c00, c01, p01]
Entry Queue Exit Order: [p00, p01, c01]
Condition Queue Enter Order: [p01]
Condition Queue Exit Order: []
Urgent Queue Enter Order: []
Urgent Queue Exit Order: []
-----------------------------------------------------------------------
End Orders.
c00:INCREMENT-ENTERED- TIME - 1714160004427

Start Orders.
-----------------------------------------------------------------------
Entry Queue Enter Order: [p00, c00, c01, p01]
Entry Queue Exit Order: [p00, p01, c01, c00]
Condition Queue Enter Order: [p01]
Condition Queue Exit Order: []
Urgent Queue Enter Order: []
Urgent Queue Exit Order: []
-----------------------------------------------------------------------
End Orders.
c00:WAIT-ENTERED- TIME - 1714160004429

Start Orders.
-----------------------------------------------------------------------
Entry Queue Enter Order: [p00, c00, c01, p01]
Entry Queue Exit Order: [p00, p01, c01, c00]
Condition Queue Enter Order: [p01, c00]
Condition Queue Exit Order: []
Urgent Queue Enter Order: []
Urgent Queue Exit Order: []
-----------------------------------------------------------------------
End Orders.
Threads: [22, 23, 24, 26, 27, 28, 29]
p01:WAIT-LEFT- TIME - 1714160004431

Start Orders.
-----------------------------------------------------------------------
Entry Queue Enter Order: [p00, c00, c01, p01]
Entry Queue Exit Order: [p00, p01, c01, c00]
Condition Queue Enter Order: [p01, c00]
Condition Queue Exit Order: [p01]
Urgent Queue Enter Order: [p01]
Urgent Queue Exit Order: []
-----------------------------------------------------------------------
End Orders.
p01:RESUME_AFTER_WAIT-ENTERED- TIME - 1714160004433

Start Orders.
-----------------------------------------------------------------------
Entry Queue Enter Order: [p00, c00, c01, p01]
Entry Queue Exit Order: [p00, p01, c01, c00]
Condition Queue Enter Order: [p01, c00]
Condition Queue Exit Order: [p01]
Urgent Queue Enter Order: [p01]
Urgent Queue Exit Order: [p01]
-----------------------------------------------------------------------
End Orders.
increment-->2
p01:GET_VALUE-LEFT- TIME - 1714160008773

Start Orders.
-----------------------------------------------------------------------
Entry Queue Enter Order: [p00, c00, c01, p01]
Entry Queue Exit Order: [p00, p01, c01, c00]
Condition Queue Enter Order: [p01, c00]
Condition Queue Exit Order: [p01]
Urgent Queue Enter Order: [p01]
Urgent Queue Exit Order: [p01]
-----------------------------------------------------------------------
End Orders.
c00:WAIT-LEFT- TIME - 1714160008775

Start Orders.
-----------------------------------------------------------------------
Entry Queue Enter Order: [p00, c00, c01, p01]
Entry Queue Exit Order: [p00, p01, c01, c00]
Condition Queue Enter Order: [p01, c00]
Condition Queue Exit Order: [p01, c00]
Urgent Queue Enter Order: [p01, c00]
Urgent Queue Exit Order: [p01]
-----------------------------------------------------------------------
End Orders.
c00:RESUME_AFTER_WAIT-ENTERED- TIME - 1714160008776

Start Orders.
-----------------------------------------------------------------------
Entry Queue Enter Order: [p00, c00, c01, p01]
Entry Queue Exit Order: [p00, p01, c01, c00]
Condition Queue Enter Order: [p01, c00]
Condition Queue Exit Order: [p01, c00]
Urgent Queue Enter Order: [p01, c00]
Urgent Queue Exit Order: [p01, c00]
-----------------------------------------------------------------------
End Orders.
Threads: [22, 23, 24, 26, 27, 28, 29]
getValue<--2
c00:GET_VALUE-LEFT- TIME - 1714160015021

Start Orders.
-----------------------------------------------------------------------
Entry Queue Enter Order: [p00, c00, c01, p01]
Entry Queue Exit Order: [p00, p01, c01, c00]
Condition Queue Enter Order: [p01, c00]
Condition Queue Exit Order: [p01, c00]
Urgent Queue Enter Order: [p01, c00]
Urgent Queue Exit Order: [p01, c00]
-----------------------------------------------------------------------
End Orders.
Threads: [22, 23, 24, 26, 27, 28, 29]
