Threads: [22]
Threads: [22, 23, 24, 25]
Threads: [22, 23, 24, 25]
Threads: [22, 23, 24, 25]
Threads: [22, 23, 24, 25, 27]
Threads: [22, 23, 24, 25, 27, 28]
Threads: [22, 23, 24, 25, 27, 28, 29]
Thread: RMI TCP Connection(9)-152.23.153.159 using threadId: 29
c00:GET_VALUE-ATTEMPTED- TIME - 1714155969439

Start Orders.
-----------------------------------------------------------------------
Entry Queue Enter Order: [c00]
Entry Queue Exit Order: []
Condition Queue Enter Order: []
Condition Queue Exit Order: []
Urgent Queue Enter Order: []
Urgent Queue Exit Order: []
-----------------------------------------------------------------------
End Orders.
c00:INCREMENT-ENTERED- TIME - 1714155969449

Start Orders.
-----------------------------------------------------------------------
Entry Queue Enter Order: [c00]
Entry Queue Exit Order: [c00]
Condition Queue Enter Order: []
Condition Queue Exit Order: []
Urgent Queue Enter Order: []
Urgent Queue Exit Order: []
-----------------------------------------------------------------------
End Orders.
c00:WAIT-ENTERED- TIME - 1714155969451

Start Orders.
-----------------------------------------------------------------------
Entry Queue Enter Order: [c00]
Entry Queue Exit Order: [c00]
Condition Queue Enter Order: [c00]
Condition Queue Exit Order: []
Urgent Queue Enter Order: []
Urgent Queue Exit Order: []
-----------------------------------------------------------------------
End Orders.
Thread: RMI TCP Connection(7)-152.23.153.159 using threadId: 27
c01:GET_VALUE-ATTEMPTED- TIME - 1714155971250

Start Orders.
-----------------------------------------------------------------------
Entry Queue Enter Order: [c00, c01]
Entry Queue Exit Order: [c00]
Condition Queue Enter Order: [c00]
Condition Queue Exit Order: []
Urgent Queue Enter Order: []
Urgent Queue Exit Order: []
-----------------------------------------------------------------------
End Orders.
c01:INCREMENT-ENTERED- TIME - 1714155971252

Start Orders.
-----------------------------------------------------------------------
Entry Queue Enter Order: [c00, c01]
Entry Queue Exit Order: [c00, c01]
Condition Queue Enter Order: [c00]
Condition Queue Exit Order: []
Urgent Queue Enter Order: []
Urgent Queue Exit Order: []
-----------------------------------------------------------------------
End Orders.
c01:WAIT-ENTERED- TIME - 1714155971253

Start Orders.
-----------------------------------------------------------------------
Entry Queue Enter Order: [c00, c01]
Entry Queue Exit Order: [c00, c01]
Condition Queue Enter Order: [c00, c01]
Condition Queue Exit Order: []
Urgent Queue Enter Order: []
Urgent Queue Exit Order: []
-----------------------------------------------------------------------
End Orders.
Thread: RMI TCP Connection(5)-152.23.153.159 using threadId: 25
p00:GET_VALUE-ATTEMPTED- TIME - 1714155976948

Start Orders.
-----------------------------------------------------------------------
Entry Queue Enter Order: [c00, c01, p00]
Entry Queue Exit Order: [c00, c01]
Condition Queue Enter Order: [c00, c01]
Condition Queue Exit Order: []
Urgent Queue Enter Order: []
Urgent Queue Exit Order: []
-----------------------------------------------------------------------
End Orders.
p00:INCREMENT-ENTERED- TIME - 1714155976949

Start Orders.
-----------------------------------------------------------------------
Entry Queue Enter Order: [c00, c01, p00]
Entry Queue Exit Order: [c00, c01, p00]
Condition Queue Enter Order: [c00, c01]
Condition Queue Exit Order: []
Urgent Queue Enter Order: []
Urgent Queue Exit Order: []
-----------------------------------------------------------------------
End Orders.
increment-->1
p00:GET_VALUE-LEFT- TIME - 1714155986046

Start Orders.
-----------------------------------------------------------------------
Entry Queue Enter Order: [c00, c01, p00]
Entry Queue Exit Order: [c00, c01, p00]
Condition Queue Enter Order: [c00, c01]
Condition Queue Exit Order: []
Urgent Queue Enter Order: []
Urgent Queue Exit Order: []
-----------------------------------------------------------------------
End Orders.
c00:WAIT-LEFT- TIME - 1714155986047

Start Orders.
-----------------------------------------------------------------------
Entry Queue Enter Order: [c00, c01, p00]
Entry Queue Exit Order: [c00, c01, p00]
Condition Queue Enter Order: [c00, c01]
Condition Queue Exit Order: [c00]
Urgent Queue Enter Order: [c00]
Urgent Queue Exit Order: []
-----------------------------------------------------------------------
End Orders.
Threads: [22, 23, 24, 25, 27, 28, 29]
c00:RESUME_AFTER_WAIT-ENTERED- TIME - 1714155986049

Start Orders.
-----------------------------------------------------------------------
Entry Queue Enter Order: [c00, c01, p00]
Entry Queue Exit Order: [c00, c01, p00]
Condition Queue Enter Order: [c00, c01]
Condition Queue Exit Order: [c00]
Urgent Queue Enter Order: [c00]
Urgent Queue Exit Order: [c00]
-----------------------------------------------------------------------
End Orders.
Thread: RMI TCP Connection(2)-152.23.153.159 using threadId: 22
p01:GET_VALUE-ATTEMPTED- TIME - 1714156051197

Start Orders.
-----------------------------------------------------------------------
Entry Queue Enter Order: [c00, c01, p00, p01]
Entry Queue Exit Order: [c00, c01, p00]
Condition Queue Enter Order: [c00, c01]
Condition Queue Exit Order: [c00]
Urgent Queue Enter Order: [c00]
Urgent Queue Exit Order: [c00]
-----------------------------------------------------------------------
End Orders.
getValue<--1
c00:GET_VALUE-LEFT- TIME - 1714156056898

Start Orders.
-----------------------------------------------------------------------
Entry Queue Enter Order: [c00, c01, p00, p01]
Entry Queue Exit Order: [c00, c01, p00]
Condition Queue Enter Order: [c00, c01]
Condition Queue Exit Order: [c00]
Urgent Queue Enter Order: [c00]
Urgent Queue Exit Order: [c00]
-----------------------------------------------------------------------
End Orders.
p01:INCREMENT-ENTERED- TIME - 1714156056899

Start Orders.
-----------------------------------------------------------------------
Entry Queue Enter Order: [c00, c01, p00, p01]
Entry Queue Exit Order: [c00, c01, p00, p01]
Condition Queue Enter Order: [c00, c01]
Condition Queue Exit Order: [c00]
Urgent Queue Enter Order: [c00]
Urgent Queue Exit Order: [c00]
-----------------------------------------------------------------------
End Orders.
Threads: [22, 23, 24, 25, 27, 28, 29]
increment-->2
p01:GET_VALUE-LEFT- TIME - 1714156063093

Start Orders.
-----------------------------------------------------------------------
Entry Queue Enter Order: [c00, c01, p00, p01]
Entry Queue Exit Order: [c00, c01, p00, p01]
Condition Queue Enter Order: [c00, c01]
Condition Queue Exit Order: [c00]
Urgent Queue Enter Order: [c00]
Urgent Queue Exit Order: [c00]
-----------------------------------------------------------------------
End Orders.
c01:WAIT-LEFT- TIME - 1714156063095

Start Orders.
-----------------------------------------------------------------------
Entry Queue Enter Order: [c00, c01, p00, p01]
Entry Queue Exit Order: [c00, c01, p00, p01]
Condition Queue Enter Order: [c00, c01]
Condition Queue Exit Order: [c00, c01]
Urgent Queue Enter Order: [c00, c01]
Urgent Queue Exit Order: [c00]
-----------------------------------------------------------------------
End Orders.
c01:RESUME_AFTER_WAIT-ENTERED- TIME - 1714156063096

Threads: [22, 23, 24, 25, 27, 28, 29]
Start Orders.
-----------------------------------------------------------------------
Entry Queue Enter Order: [c00, c01, p00, p01]
Entry Queue Exit Order: [c00, c01, p00, p01]
Condition Queue Enter Order: [c00, c01]
Condition Queue Exit Order: [c00, c01]
Urgent Queue Enter Order: [c00, c01]
Urgent Queue Exit Order: [c00, c01]
-----------------------------------------------------------------------
End Orders.
