Threads: [22]
Threads: [22, 23, 24, 25]
Threads: [22, 23, 24, 25]
Threads: [22, 23, 24, 25]
Threads: [22, 23, 24, 25, 27]
Threads: [22, 23, 24, 25, 27, 28]
Threads: [22, 23, 24, 25, 27, 28, 29]
Thread: RMI TCP Connection(8)-152.23.153.159 using threadId: 28
c00:GET_VALUE-ATTEMPTED- TIME - 1714154468825

Start Orders.
-----------------------------------------------------------------------
Entry Queue Enter Order: [c00]
Entry Queue Exit Order: []
Condition Queue Enter Order: []
Condition Queue Exit Order: []
Urgent Queue Enter Order: []
Urgent Queue Exit Order: []
-----------------------------------------------------------------------
End Orders.
c00:INCREMENT-ENTERED- TIME - 1714154468834

Start Orders.
-----------------------------------------------------------------------
Entry Queue Enter Order: [c00]
Entry Queue Exit Order: [c00]
Condition Queue Enter Order: []
Condition Queue Exit Order: []
Urgent Queue Enter Order: []
Urgent Queue Exit Order: []
-----------------------------------------------------------------------
End Orders.
c00:WAIT-ENTERED- TIME - 1714154468836

Start Orders.
-----------------------------------------------------------------------
Entry Queue Enter Order: [c00]
Entry Queue Exit Order: [c00]
Condition Queue Enter Order: [c00]
Condition Queue Exit Order: []
Urgent Queue Enter Order: []
Urgent Queue Exit Order: []
-----------------------------------------------------------------------
End Orders.
Thread: RMI TCP Connection(7)-152.23.153.159 using threadId: 27
c01:GET_VALUE-ATTEMPTED- TIME - 1714154474122

Start Orders.
-----------------------------------------------------------------------
Entry Queue Enter Order: [c00, c01]
Entry Queue Exit Order: [c00]
Condition Queue Enter Order: [c00]
Condition Queue Exit Order: []
Urgent Queue Enter Order: []
Urgent Queue Exit Order: []
-----------------------------------------------------------------------
End Orders.
c01:INCREMENT-ENTERED- TIME - 1714154474124

Start Orders.
-----------------------------------------------------------------------
Entry Queue Enter Order: [c00, c01]
Entry Queue Exit Order: [c00, c01]
Condition Queue Enter Order: [c00]
Condition Queue Exit Order: []
Urgent Queue Enter Order: []
Urgent Queue Exit Order: []
-----------------------------------------------------------------------
End Orders.
c01:WAIT-ENTERED- TIME - 1714154474125

Start Orders.
-----------------------------------------------------------------------
Entry Queue Enter Order: [c00, c01]
Entry Queue Exit Order: [c00, c01]
Condition Queue Enter Order: [c00, c01]
Condition Queue Exit Order: []
Urgent Queue Enter Order: []
Urgent Queue Exit Order: []
-----------------------------------------------------------------------
End Orders.
Thread: RMI TCP Connection(2)-152.23.153.159 using threadId: 22
p01:GET_VALUE-ATTEMPTED- TIME - 1714154480770

Start Orders.
-----------------------------------------------------------------------
Entry Queue Enter Order: [c00, c01, p01]
Entry Queue Exit Order: [c00, c01]
Condition Queue Enter Order: [c00, c01]
Condition Queue Exit Order: []
Urgent Queue Enter Order: []
Urgent Queue Exit Order: []
-----------------------------------------------------------------------
End Orders.
p01:INCREMENT-ENTERED- TIME - 1714154480771

Start Orders.
-----------------------------------------------------------------------
Entry Queue Enter Order: [c00, c01, p01]
Entry Queue Exit Order: [c00, c01, p01]
Condition Queue Enter Order: [c00, c01]
Condition Queue Exit Order: []
Urgent Queue Enter Order: []
Urgent Queue Exit Order: []
-----------------------------------------------------------------------
End Orders.
increment-->1
p01:GET_VALUE-LEFT- TIME - 1714154488273

Start Orders.
-----------------------------------------------------------------------
Entry Queue Enter Order: [c00, c01, p01]
Entry Queue Exit Order: [c00, c01, p01]
Condition Queue Enter Order: [c00, c01]
Condition Queue Exit Order: []
Urgent Queue Enter Order: []
Urgent Queue Exit Order: []
-----------------------------------------------------------------------
End Orders.
c00:WAIT-LEFT- TIME - 1714154488274

Start Orders.
-----------------------------------------------------------------------
Entry Queue Enter Order: [c00, c01, p01, c00]
Entry Queue Exit Order: [c00, c01, p01]
Condition Queue Enter Order: [c00, c01]
Condition Queue Exit Order: [c00, c01]
Urgent Queue Enter Order: [c00]
Urgent Queue Exit Order: []
-----------------------------------------------------------------------
End Orders.
Threads: [22, 23, 24, 25, 27, 28, 29]
c00:RESUME_AFTER_WAIT-ENTERED- TIME - 1714154488275

Start Orders.
-----------------------------------------------------------------------
Entry Queue Enter Order: [c00, c01, p01, c00]
Entry Queue Exit Order: [c00, c01, p01, c00]
Condition Queue Enter Order: [c00, c01]
Condition Queue Exit Order: [c00, c01]
Urgent Queue Enter Order: [c00]
Urgent Queue Exit Order: []
-----------------------------------------------------------------------
End Orders.
getValue<--1
c00:GET_VALUE-LEFT- TIME - 1714154502214

Start Orders.
-----------------------------------------------------------------------
Entry Queue Enter Order: [c00, c01, p01, c00]
Entry Queue Exit Order: [c00, c01, p01, c00]
Condition Queue Enter Order: [c00, c01]
Condition Queue Exit Order: [c00, c01]
Urgent Queue Enter Order: [c00]
Urgent Queue Exit Order: []
-----------------------------------------------------------------------
End Orders.
Threads: [22, 23, 24, 25, 27, 28, 29]
Thread: RMI TCP Connection(3)-152.23.153.159 using threadId: 23
p00:GET_VALUE-ATTEMPTED- TIME - 1714154516865

Start Orders.
-----------------------------------------------------------------------
Entry Queue Enter Order: [c00, c01, p01, c00, p00]
Entry Queue Exit Order: [c00, c01, p01, c00]
Condition Queue Enter Order: [c00, c01]
Condition Queue Exit Order: [c00, c01]
Urgent Queue Enter Order: [c00]
Urgent Queue Exit Order: []
-----------------------------------------------------------------------
End Orders.
p00:INCREMENT-ENTERED- TIME - 1714154516866

Start Orders.
-----------------------------------------------------------------------
Entry Queue Enter Order: [c00, c01, p01, c00, p00]
Entry Queue Exit Order: [c00, c01, p01, c00, p00]
Condition Queue Enter Order: [c00, c01]
Condition Queue Exit Order: [c00, c01]
Urgent Queue Enter Order: [c00]
Urgent Queue Exit Order: []
-----------------------------------------------------------------------
End Orders.
increment-->2
p00:GET_VALUE-LEFT- TIME - 1714154520408

Start Orders.
-----------------------------------------------------------------------
Entry Queue Enter Order: [c00, c01, p01, c00, p00]
Entry Queue Exit Order: [c00, c01, p01, c00, p00]
Condition Queue Enter Order: [c00, c01]
Condition Queue Exit Order: [c00, c01]
Urgent Queue Enter Order: [c00]
Urgent Queue Exit Order: []
-----------------------------------------------------------------------
End Orders.
c01:WAIT-LEFT- TIME - 1714154520409

Start Orders.
-----------------------------------------------------------------------
Entry Queue Enter Order: [c00, c01, p01, c00, p00]
Entry Queue Exit Order: [c00, c01, p01, c00, p00]
Condition Queue Enter Order: [c00, c01]
Condition Queue Exit Order: [c00, c01, c01]
Urgent Queue Enter Order: [c00, c01]
Urgent Queue Exit Order: []
-----------------------------------------------------------------------
End Orders.
c01:RESUME_AFTER_WAIT-ENTERED- TIME - 1714154520411

Threads: [22, 23, 24, 25, 27, 28, 29]
Start Orders.
-----------------------------------------------------------------------
Entry Queue Enter Order: [c00, c01, p01, c00, p00]
Entry Queue Exit Order: [c00, c01, p01, c00, p00, c01]
Condition Queue Enter Order: [c00, c01]
Condition Queue Exit Order: [c00, c01, c01]
Urgent Queue Enter Order: [c00, c01]
Urgent Queue Exit Order: []
-----------------------------------------------------------------------
End Orders.
