Threads: [22]
Threads: [22, 23, 24, 25]
Threads: [22, 23, 24, 25]
Threads: [22, 23, 24, 25]
Threads: [22, 23, 24, 25, 27]
Threads: [22, 23, 24, 25, 27, 28]
Threads: [22, 23, 24, 25, 27, 28, 29]
Thread: RMI TCP Connection(9)-152.23.153.159 using threadId: 29
c00:GET_VALUE-ATTEMPTED- TIME - 1714154319371

Start Orders.
-----------------------------------------------------------------------
Entry Queue Enter Order: [c00]
Entry Queue Exit Order: []
Condition Queue Enter Order: []
Condition Queue Exit Order: []
Urgent Queue Enter Order: []
Urgent Queue Exit Order: []
-----------------------------------------------------------------------
End Orders.
c00:INCREMENT-ENTERED- TIME - 1714154319380

Start Orders.
-----------------------------------------------------------------------
Entry Queue Enter Order: [c00]
Entry Queue Exit Order: [c00]
Condition Queue Enter Order: []
Condition Queue Exit Order: [c00]
Urgent Queue Enter Order: [c00]
Urgent Queue Exit Order: []
-----------------------------------------------------------------------
End Orders.
c00:WAIT-ENTERED- TIME - 1714154319383

Start Orders.
-----------------------------------------------------------------------
Entry Queue Enter Order: [c00]
Entry Queue Exit Order: [c00]
Condition Queue Enter Order: [c00]
Condition Queue Exit Order: [c00]
Urgent Queue Enter Order: [c00]
Urgent Queue Exit Order: []
-----------------------------------------------------------------------
End Orders.
Thread: RMI TCP Connection(7)-152.23.153.159 using threadId: 27
c01:GET_VALUE-ATTEMPTED- TIME - 1714154321462

Start Orders.
-----------------------------------------------------------------------
Entry Queue Enter Order: [c00, c01]
Entry Queue Exit Order: [c00]
Condition Queue Enter Order: [c00]
Condition Queue Exit Order: [c00]
Urgent Queue Enter Order: [c00]
Urgent Queue Exit Order: []
-----------------------------------------------------------------------
End Orders.
c01:INCREMENT-ENTERED- TIME - 1714154321463

Start Orders.
-----------------------------------------------------------------------
Entry Queue Enter Order: [c00, c01]
Entry Queue Exit Order: [c00, c01]
Condition Queue Enter Order: [c00]
Condition Queue Exit Order: [c00, c01]
Urgent Queue Enter Order: [c00, c01]
Urgent Queue Exit Order: []
-----------------------------------------------------------------------
End Orders.
c01:WAIT-ENTERED- TIME - 1714154321465

Start Orders.
-----------------------------------------------------------------------
Entry Queue Enter Order: [c00, c01]
Entry Queue Exit Order: [c00, c01]
Condition Queue Enter Order: [c00, c01]
Condition Queue Exit Order: [c00, c01]
Urgent Queue Enter Order: [c00, c01]
Urgent Queue Exit Order: []
-----------------------------------------------------------------------
End Orders.
Thread: RMI TCP Connection(2)-152.23.153.159 using threadId: 22
p01:GET_VALUE-ATTEMPTED- TIME - 1714154334818

Start Orders.
-----------------------------------------------------------------------
Entry Queue Enter Order: [c00, c01, p01]
Entry Queue Exit Order: [c00, c01]
Condition Queue Enter Order: [c00, c01]
Condition Queue Exit Order: [c00, c01]
Urgent Queue Enter Order: [c00, c01]
Urgent Queue Exit Order: []
-----------------------------------------------------------------------
End Orders.
p01:INCREMENT-ENTERED- TIME - 1714154334819

Start Orders.
-----------------------------------------------------------------------
Entry Queue Enter Order: [c00, c01, p01]
Entry Queue Exit Order: [c00, c01, p01]
Condition Queue Enter Order: [c00, c01]
Condition Queue Exit Order: [c00, c01, p01]
Urgent Queue Enter Order: [c00, c01, p01]
Urgent Queue Exit Order: []
-----------------------------------------------------------------------
End Orders.
