Threads: [22]
Threads: [22, 23, 24, 25]
Threads: [22, 23, 24, 25]
Threads: [22, 23, 24, 25]
Threads: [22, 23, 24, 25, 27]
Threads: [22, 23, 24, 25, 27, 29, 28]
Threads: [22]
Threads: [22, 23, 24]
Threads: [22, 23, 24]
Threads: [22, 23, 24, 26]
Threads: [22, 23, 24, 26, 27]
Threads: [22, 23, 24, 26, 27, 28]
Threads: [22, 23, 24, 26, 27, 28, 29]
Thread: RMI TCP Connection(3)-152.23.153.159 using threadId: 23
c00:GET_VALUE-ATTEMPTED- TIME - 1714155583469

Start Orders.
-----------------------------------------------------------------------
Entry Queue Enter Order: [c00]
Entry Queue Exit Order: []
Condition Queue Enter Order: []
Condition Queue Exit Order: []
Urgent Queue Enter Order: []
Urgent Queue Exit Order: []
-----------------------------------------------------------------------
End Orders.
c00:INCREMENT-ENTERED- TIME - 1714155583479

Start Orders.
-----------------------------------------------------------------------
Entry Queue Enter Order: [c00]
Entry Queue Exit Order: [c00]
Condition Queue Enter Order: []
Condition Queue Exit Order: []
Urgent Queue Enter Order: []
Urgent Queue Exit Order: []
-----------------------------------------------------------------------
End Orders.
c00:WAIT-ENTERED- TIME - 1714155583481

Start Orders.
-----------------------------------------------------------------------
Entry Queue Enter Order: [c00]
Entry Queue Exit Order: [c00]
Condition Queue Enter Order: [c00]
Condition Queue Exit Order: []
Urgent Queue Enter Order: []
Urgent Queue Exit Order: []
-----------------------------------------------------------------------
End Orders.
Thread: RMI TCP Connection(2)-152.23.153.159 using threadId: 22
c01:GET_VALUE-ATTEMPTED- TIME - 1714155585519

Start Orders.
-----------------------------------------------------------------------
Entry Queue Enter Order: [c00, c01]
Entry Queue Exit Order: [c00]
Condition Queue Enter Order: [c00]
Condition Queue Exit Order: []
Urgent Queue Enter Order: []
Urgent Queue Exit Order: []
-----------------------------------------------------------------------
End Orders.
c01:INCREMENT-ENTERED- TIME - 1714155585520

Start Orders.
-----------------------------------------------------------------------
Entry Queue Enter Order: [c00, c01]
Entry Queue Exit Order: [c00, c01]
Condition Queue Enter Order: [c00]
Condition Queue Exit Order: []
Urgent Queue Enter Order: []
Urgent Queue Exit Order: []
-----------------------------------------------------------------------
End Orders.
c01:WAIT-ENTERED- TIME - 1714155585522

Start Orders.
-----------------------------------------------------------------------
Entry Queue Enter Order: [c00, c01]
Entry Queue Exit Order: [c00, c01]
Condition Queue Enter Order: [c00, c01]
Condition Queue Exit Order: []
Urgent Queue Enter Order: []
Urgent Queue Exit Order: []
-----------------------------------------------------------------------
End Orders.
Thread: RMI TCP Connection(8)-152.23.153.159 using threadId: 28
p00:GET_VALUE-ATTEMPTED- TIME - 1714155593366

Start Orders.
-----------------------------------------------------------------------
Entry Queue Enter Order: [c00, c01, p00]
Entry Queue Exit Order: [c00, c01]
Condition Queue Enter Order: [c00, c01]
Condition Queue Exit Order: []
Urgent Queue Enter Order: []
Urgent Queue Exit Order: []
-----------------------------------------------------------------------
End Orders.
p00:INCREMENT-ENTERED- TIME - 1714155593368

Start Orders.
-----------------------------------------------------------------------
Entry Queue Enter Order: [c00, c01, p00]
Entry Queue Exit Order: [c00, c01, p00]
Condition Queue Enter Order: [c00, c01]
Condition Queue Exit Order: []
Urgent Queue Enter Order: []
Urgent Queue Exit Order: []
-----------------------------------------------------------------------
End Orders.
increment-->1
p00:GET_VALUE-LEFT- TIME - 1714155598966

Start Orders.
-----------------------------------------------------------------------
Entry Queue Enter Order: [c00, c01, p00]
Entry Queue Exit Order: [c00, c01, p00]
Condition Queue Enter Order: [c00, c01]
Condition Queue Exit Order: []
Urgent Queue Enter Order: []
Urgent Queue Exit Order: []
-----------------------------------------------------------------------
End Orders.
c00:WAIT-LEFT- TIME - 1714155598967

Start Orders.
-----------------------------------------------------------------------
Entry Queue Enter Order: [c00, c01, p00, c01]
Entry Queue Exit Order: [c00, c01, p00]
Condition Queue Enter Order: [c00, c01]
Condition Queue Exit Order: [c00, c01]
Urgent Queue Enter Order: [c00]
Urgent Queue Exit Order: []
-----------------------------------------------------------------------
End Orders.
Threads: [22, 23, 24, 26, 27, 28, 29]
c00:RESUME_AFTER_WAIT-ENTERED- TIME - 1714155598969

Start Orders.
-----------------------------------------------------------------------
Entry Queue Enter Order: [c00, c01, p00, c01]
Entry Queue Exit Order: [c00, c01, p00, c00]
Condition Queue Enter Order: [c00, c01]
Condition Queue Exit Order: [c00, c01]
Urgent Queue Enter Order: [c00]
Urgent Queue Exit Order: []
-----------------------------------------------------------------------
End Orders.
