Threads: [22]
Threads: [22, 23, 24, 25]
Threads: [22, 23, 24, 25]
Threads: [22, 23, 24, 25]
Threads: [22, 23, 24, 25, 27]
Threads: [22, 23, 24, 25, 27, 28]
Threads: [22, 23, 24, 25, 27, 28, 29]
Threads: [22]
Threads: [22, 24, 25, 26]
Threads: [22, 24, 25, 26]
Threads: [22, 24, 25, 26]
Threads: [22, 24, 25, 26, 23]
Threads: [22, 24, 25, 26, 23, 28]
Threads: [22, 24, 25, 26, 23, 28, 29]
Threads: [22, 24, 25, 26, 23, 28, 29, 30, 31]
Threads: [22]
Threads: [22, 23, 25, 26]
Threads: [22, 23, 25, 26]
Threads: [22, 23, 25, 26]
Threads: [22, 23, 25, 26, 24]
Threads: [22, 23, 25, 26, 24, 28]
Threads: [22, 23, 25, 26, 24, 28, 29]
Threads: [22, 23, 25, 26, 24, 28, 29, 30, 31]
Threads: [22, 23, 25, 26, 24, 28, 29, 30, 31]
Threads: [22]
Threads: [22, 24, 25]
Threads: [22, 24, 25]
Threads: [22, 24, 25, 23]
Threads: [22, 24, 25, 23, 27]
Threads: [22, 24, 25, 23, 27, 28]
Threads: [22, 24, 25, 23, 27, 28, 29]
Threads: [22]
Threads: [22, 23]
Threads: [22, 23, 24]
Threads: [22, 23, 24, 26]
Threads: [22, 23, 24, 26, 27]
Threads: [22, 23, 24, 26, 27, 28, 29]
Threads: [22, 23, 24, 26, 27, 28, 29]
Thread: RMI TCP Connection(2)-152.23.153.159 using threadId: 22
c00:GET_VALUE-ATTEMPTED- TIME - 1714147027726

Start Orders.
-----------------------------------------------------------------------
Entry Queue Enter Order: [c00]
Entry Queue Exit Order: []
Condition Queue Enter Order: []
Condition Queue Exit Order: []
Urgent Queue Enter Order: []
Urgent Queue Exit Order: []
-----------------------------------------------------------------------
End Orders.
c00:INCREMENT-ENTERED- TIME - 1714147027734

Start Orders.
-----------------------------------------------------------------------
Entry Queue Enter Order: [c00]
Entry Queue Exit Order: [c00]
Condition Queue Enter Order: []
Condition Queue Exit Order: []
Urgent Queue Enter Order: []
Urgent Queue Exit Order: []
-----------------------------------------------------------------------
End Orders.
c00:WAIT-ENTERED- TIME - 1714147027736

Start Orders.
-----------------------------------------------------------------------
Entry Queue Enter Order: [c00]
Entry Queue Exit Order: [c00]
Condition Queue Enter Order: [c00]
Condition Queue Exit Order: []
Urgent Queue Enter Order: []
Urgent Queue Exit Order: []
-----------------------------------------------------------------------
End Orders.
Thread: RMI TCP Connection(3)-152.23.153.159 using threadId: 23
c01:GET_VALUE-ATTEMPTED- TIME - 1714147030648

Start Orders.
-----------------------------------------------------------------------
Entry Queue Enter Order: [c00, c01]
Entry Queue Exit Order: [c00]
Condition Queue Enter Order: [c00]
Condition Queue Exit Order: []
Urgent Queue Enter Order: []
Urgent Queue Exit Order: []
-----------------------------------------------------------------------
End Orders.
c01:INCREMENT-ENTERED- TIME - 1714147030650

Start Orders.
-----------------------------------------------------------------------
Entry Queue Enter Order: [c00, c01]
Entry Queue Exit Order: [c00, c01]
Condition Queue Enter Order: [c00]
Condition Queue Exit Order: []
Urgent Queue Enter Order: []
Urgent Queue Exit Order: []
-----------------------------------------------------------------------
End Orders.
c01:WAIT-ENTERED- TIME - 1714147030651

Start Orders.
-----------------------------------------------------------------------
Entry Queue Enter Order: [c00, c01]
Entry Queue Exit Order: [c00, c01]
Condition Queue Enter Order: [c00, c01]
Condition Queue Exit Order: []
Urgent Queue Enter Order: []
Urgent Queue Exit Order: []
-----------------------------------------------------------------------
End Orders.
Thread: RMI TCP Connection(6)-152.23.153.159 using threadId: 26
p00:GET_VALUE-ATTEMPTED- TIME - 1714147048547

Start Orders.
-----------------------------------------------------------------------
Entry Queue Enter Order: [c00, c01, p00]
Entry Queue Exit Order: [c00, c01]
Condition Queue Enter Order: [c00, c01]
Condition Queue Exit Order: []
Urgent Queue Enter Order: []
Urgent Queue Exit Order: []
-----------------------------------------------------------------------
End Orders.
p00:INCREMENT-ENTERED- TIME - 1714147048549

Start Orders.
-----------------------------------------------------------------------
Entry Queue Enter Order: [c00, c01, p00]
Entry Queue Exit Order: [c00, c01, p00]
Condition Queue Enter Order: [c00, c01]
Condition Queue Exit Order: []
Urgent Queue Enter Order: []
Urgent Queue Exit Order: []
-----------------------------------------------------------------------
End Orders.
increment-->1
p00:GET_VALUE-LEFT- TIME - 1714147059146

Start Orders.
-----------------------------------------------------------------------
Entry Queue Enter Order: [c00, c01, p00]
Entry Queue Exit Order: [c00, c01, p00]
Condition Queue Enter Order: [c00, c01]
Condition Queue Exit Order: []
Urgent Queue Enter Order: []
Urgent Queue Exit Order: []
-----------------------------------------------------------------------
End Orders.
c00:WAIT-LEFT- TIME - 1714147059148

Start Orders.
-----------------------------------------------------------------------
Entry Queue Enter Order: [c00, c01, p00, c00]
Entry Queue Exit Order: [c00, c01, p00]
Condition Queue Enter Order: [c00, c01]
Condition Queue Exit Order: [c00]
Urgent Queue Enter Order: []
Urgent Queue Exit Order: []
-----------------------------------------------------------------------
End Orders.
Threads: [22, 23, 24, 26, 27, 28, 29]
c00:RESUME_AFTER_WAIT-ENTERED- TIME - 1714147059150

Start Orders.
-----------------------------------------------------------------------
Entry Queue Enter Order: [c00, c01, p00, c00]
Entry Queue Exit Order: [c00, c01, p00, c00]
Condition Queue Enter Order: [c00, c01]
Condition Queue Exit Order: [c00]
Urgent Queue Enter Order: []
Urgent Queue Exit Order: []
-----------------------------------------------------------------------
End Orders.
